# JRE version: OpenJDK Runtime Environment 18.9 (11.0.11+9) (build 11.0.11+9)
# Java VM: OpenJDK 64-Bit Server VM 18.9 (11.0.11+9, mixed mode, tiered, compressed oops, g1 gc, windows-amd64)
Heap:
 garbage-first heap   total 351232K, used 218178K [0x0000000740000000, 0x0000000800000000)
  region size 1024K, 47 young (48128K), 1 survivors (1024K)
 Metaspace       used 85532K, capacity 87652K, committed 87936K, reserved 1126400K
  class space    used 10918K, capacity 11853K, committed 11904K, reserved 1048576K
GC Heap History (20 events):
Event: 1334.439 GC heap before
{Heap before GC invocations=152 (full 1):
 garbage-first heap   total 351232K, used 246058K [0x0000000740000000, 0x0000000800000000)
  region size 1024K, 60 young (61440K), 3 survivors (3072K)
 Metaspace       used 85269K, capacity 87382K, committed 87680K, reserved 1124352K
  class space    used 10856K, capacity 11786K, committed 11904K, reserved 1048576K
}
Event: 1334.466 GC heap after
{Heap after GC invocations=153 (full 1):
 garbage-first heap   total 351232K, used 187573K [0x0000000740000000, 0x0000000800000000)
  region size 1024K, 3 young (3072K), 3 survivors (3072K)
 Metaspace       used 85269K, capacity 87382K, committed 87680K, reserved 1124352K
  class space    used 10856K, capacity 11786K, committed 11904K, reserved 1048576K
}
Event: 1485.063 GC heap before
{Heap before GC invocations=154 (full 1):
 garbage-first heap   total 351232K, used 245941K [0x0000000740000000, 0x0000000800000000)
  region size 1024K, 60 young (61440K), 3 survivors (3072K)
 Metaspace       used 85269K, capacity 87382K, committed 87680K, reserved 1124352K
  class space    used 10856K, capacity 11786K, committed 11904K, reserved 1048576K
}
Event: 1485.076 GC heap after
{Heap after GC invocations=155 (full 1):
 garbage-first heap   total 351232K, used 187717K [0x0000000740000000, 0x0000000800000000)
  region size 1024K, 3 young (3072K), 3 survivors (3072K)
 Metaspace       used 85269K, capacity 87382K, committed 87680K, reserved 1124352K
  class space    used 10856K, capacity 11786K, committed 11904K, reserved 1048576K
}
Event: 1626.138 GC heap before
{Heap before GC invocations=155 (full 1):
 garbage-first heap   total 351232K, used 246085K [0x0000000740000000, 0x0000000800000000)
  region size 1024K, 60 young (61440K), 3 survivors (3072K)
 Metaspace       used 85271K, capacity 87382K, committed 87680K, reserved 1124352K
  class space    used 10856K, capacity 11786K, committed 11904K, reserved 1048576K
}
Event: 1626.166 GC heap after
{Heap after GC invocations=156 (full 1):
 garbage-first heap   total 351232K, used 187663K [0x0000000740000000, 0x0000000800000000)
  region size 1024K, 3 young (3072K), 3 survivors (3072K)
 Metaspace       used 85271K, capacity 87382K, committed 87680K, reserved 1124352K
  class space    used 10856K, capacity 11786K, committed 11904K, reserved 1048576K
}
Event: 1743.163 GC heap before
{Heap before GC invocations=157 (full 1):
 garbage-first heap   total 351232K, used 246031K [0x0000000740000000, 0x0000000800000000)
  region size 1024K, 60 young (61440K), 3 survivors (3072K)
 Metaspace       used 85280K, capacity 87382K, committed 87680K, reserved 1124352K
  class space    used 10856K, capacity 11786K, committed 11904K, reserved 1048576K
}
Event: 1743.166 GC heap after
{Heap after GC invocations=158 (full 1):
 garbage-first heap   total 351232K, used 187494K [0x0000000740000000, 0x0000000800000000)
  region size 1024K, 3 young (3072K), 3 survivors (3072K)
 Metaspace       used 85280K, capacity 87382K, committed 87680K, reserved 1124352K
  class space    used 10856K, capacity 11786K, committed 11904K, reserved 1048576K
}
Event: 1823.514 GC heap before
{Heap before GC invocations=158 (full 1):
 garbage-first heap   total 351232K, used 219238K [0x0000000740000000, 0x0000000800000000)
  region size 1024K, 35 young (35840K), 3 survivors (3072K)
 Metaspace       used 85280K, capacity 87382K, committed 87680K, reserved 1124352K
  class space    used 10856K, capacity 11786K, committed 11904K, reserved 1048576K
}
Event: 1823.581 GC heap after
{Heap after GC invocations=159 (full 2):
 garbage-first heap   total 351232K, used 172330K [0x0000000740000000, 0x0000000800000000)
  region size 1024K, 0 young (0K), 0 survivors (0K)
 Metaspace       used 85280K, capacity 87382K, committed 87680K, reserved 1124352K
  class space    used 10856K, capacity 11786K, committed 11904K, reserved 1048576K
}
Event: 1980.855 GC heap before
{Heap before GC invocations=159 (full 2):
 garbage-first heap   total 351232K, used 233770K [0x0000000740000000, 0x0000000800000000)
  region size 1024K, 60 young (61440K), 0 survivors (0K)
 Metaspace       used 85280K, capacity 87382K, committed 87680K, reserved 1124352K
  class space    used 10856K, capacity 11786K, committed 11904K, reserved 1048576K
}
Event: 1980.860 GC heap after
{Heap after GC invocations=160 (full 2):
 garbage-first heap   total 351232K, used 173018K [0x0000000740000000, 0x0000000800000000)
  region size 1024K, 1 young (1024K), 1 survivors (1024K)
 Metaspace       used 85280K, capacity 87382K, committed 87680K, reserved 1124352K
  class space    used 10856K, capacity 11786K, committed 11904K, reserved 1048576K
}
Event: 2088.608 GC heap before
{Heap before GC invocations=161 (full 2):
 garbage-first heap   total 351232K, used 233434K [0x0000000740000000, 0x0000000800000000)
  region size 1024K, 60 young (61440K), 1 survivors (1024K)
 Metaspace       used 85305K, capacity 87382K, committed 87680K, reserved 1124352K
  class space    used 10856K, capacity 11786K, committed 11904K, reserved 1048576K
}
Event: 2088.611 GC heap after
{Heap after GC invocations=162 (full 2):
 garbage-first heap   total 351232K, used 172926K [0x0000000740000000, 0x0000000800000000)
  region size 1024K, 1 young (1024K), 1 survivors (1024K)
 Metaspace       used 85305K, capacity 87382K, committed 87680K, reserved 1124352K
  class space    used 10856K, capacity 11786K, committed 11904K, reserved 1048576K
}
Event: 2211.058 GC heap before
{Heap before GC invocations=162 (full 2):
 garbage-first heap   total 351232K, used 233342K [0x0000000740000000, 0x0000000800000000)
  region size 1024K, 60 young (61440K), 1 survivors (1024K)
 Metaspace       used 85305K, capacity 87382K, committed 87680K, reserved 1124352K
  class space    used 10856K, capacity 11786K, committed 11904K, reserved 1048576K
}
Event: 2211.062 GC heap after
{Heap after GC invocations=163 (full 2):
 garbage-first heap   total 351232K, used 172957K [0x0000000740000000, 0x0000000800000000)
  region size 1024K, 1 young (1024K), 1 survivors (1024K)
 Metaspace       used 85305K, capacity 87382K, committed 87680K, reserved 1124352K
  class space    used 10856K, capacity 11786K, committed 11904K, reserved 1048576K
}
Event: 2357.593 GC heap before
{Heap before GC invocations=164 (full 2):
 garbage-first heap   total 351232K, used 233373K [0x0000000740000000, 0x0000000800000000)
  region size 1024K, 60 young (61440K), 1 survivors (1024K)
 Metaspace       used 85305K, capacity 87382K, committed 87680K, reserved 1124352K
  class space    used 10856K, capacity 11786K, committed 11904K, reserved 1048576K
}
Event: 2357.597 GC heap after
{Heap after GC invocations=165 (full 2):
 garbage-first heap   total 351232K, used 173023K [0x0000000740000000, 0x0000000800000000)
  region size 1024K, 1 young (1024K), 1 survivors (1024K)
 Metaspace       used 85305K, capacity 87382K, committed 87680K, reserved 1124352K
  class space    used 10856K, capacity 11786K, committed 11904K, reserved 1048576K
}
Event: 2505.870 GC heap before
{Heap before GC invocations=165 (full 2):
 garbage-first heap   total 351232K, used 233439K [0x0000000740000000, 0x0000000800000000)
  region size 1024K, 60 young (61440K), 1 survivors (1024K)
 Metaspace       used 85306K, capacity 87382K, committed 87680K, reserved 1124352K
  class space    used 10856K, capacity 11786K, committed 11904K, reserved 1048576K
}
Event: 2505.874 GC heap after
{Heap after GC invocations=166 (full 2):
 garbage-first heap   total 351232K, used 173122K [0x0000000740000000, 0x0000000800000000)
  region size 1024K, 1 young (1024K), 1 survivors (1024K)
 Metaspace       used 85306K, capacity 87382K, committed 87680K, reserved 1124352K
  class space    used 10856K, capacity 11786K, committed 11904K, reserved 1048576K
}

