# JRE version: OpenJDK Runtime Environment 18.9 (11.0.11+9) (build 11.0.11+9)
# Java VM: OpenJDK 64-Bit Server VM 18.9 (11.0.11+9, mixed mode, tiered, compressed oops, g1 gc, windows-amd64)
Heap:
 garbage-first heap   total 312320K, used 202013K [0x0000000740000000, 0x0000000800000000)
  region size 1024K, 22 young (22528K), 2 survivors (2048K)
 Metaspace       used 83757K, capacity 85706K, committed 85888K, reserved 1124352K
  class space    used 10772K, capacity 11636K, committed 11648K, reserved 1048576K
GC Heap History (20 events):
Event: 49.717 GC heap before
{Heap before GC invocations=43 (full 1):
 garbage-first heap   total 262144K, used 232102K [0x0000000740000000, 0x0000000800000000)
  region size 1024K, 60 young (61440K), 6 survivors (6144K)
 Metaspace       used 81781K, capacity 83741K, committed 83968K, reserved 1122304K
  class space    used 10600K, capacity 11473K, committed 11520K, reserved 1048576K
}
Event: 49.720 GC heap after
{Heap after GC invocations=44 (full 1):
 garbage-first heap   total 262144K, used 175792K [0x0000000740000000, 0x0000000800000000)
  region size 1024K, 5 young (5120K), 5 survivors (5120K)
 Metaspace       used 81781K, capacity 83741K, committed 83968K, reserved 1122304K
  class space    used 10600K, capacity 11473K, committed 11520K, reserved 1048576K
}
Event: 50.835 GC heap before
{Heap before GC invocations=44 (full 1):
 garbage-first heap   total 262144K, used 232112K [0x0000000740000000, 0x0000000800000000)
  region size 1024K, 60 young (61440K), 5 survivors (5120K)
 Metaspace       used 82152K, capacity 84157K, committed 84224K, reserved 1122304K
  class space    used 10627K, capacity 11505K, committed 11520K, reserved 1048576K
}
Event: 50.837 GC heap after
{Heap after GC invocations=45 (full 1):
 garbage-first heap   total 262144K, used 175550K [0x0000000740000000, 0x0000000800000000)
  region size 1024K, 5 young (5120K), 5 survivors (5120K)
 Metaspace       used 82152K, capacity 84157K, committed 84224K, reserved 1122304K
  class space    used 10627K, capacity 11505K, committed 11520K, reserved 1048576K
}
Event: 51.634 GC heap before
{Heap before GC invocations=46 (full 1):
 garbage-first heap   total 262144K, used 231870K [0x0000000740000000, 0x0000000800000000)
  region size 1024K, 60 young (61440K), 5 survivors (5120K)
 Metaspace       used 82265K, capacity 84221K, committed 84480K, reserved 1122304K
  class space    used 10628K, capacity 11505K, committed 11520K, reserved 1048576K
}
Event: 51.637 GC heap after
{Heap after GC invocations=47 (full 1):
 garbage-first heap   total 262144K, used 175819K [0x0000000740000000, 0x0000000800000000)
  region size 1024K, 5 young (5120K), 5 survivors (5120K)
 Metaspace       used 82265K, capacity 84221K, committed 84480K, reserved 1122304K
  class space    used 10628K, capacity 11505K, committed 11520K, reserved 1048576K
}
Event: 60.252 GC heap before
{Heap before GC invocations=47 (full 1):
 garbage-first heap   total 262144K, used 232139K [0x0000000740000000, 0x0000000800000000)
  region size 1024K, 60 young (61440K), 5 survivors (5120K)
 Metaspace       used 83201K, capacity 85161K, committed 85376K, reserved 1122304K
  class space    used 10740K, capacity 11604K, committed 11648K, reserved 1048576K
}
Event: 60.255 GC heap after
{Heap after GC invocations=48 (full 1):
 garbage-first heap   total 262144K, used 177115K [0x0000000740000000, 0x0000000800000000)
  region size 1024K, 5 young (5120K), 5 survivors (5120K)
 Metaspace       used 83201K, capacity 85161K, committed 85376K, reserved 1122304K
  class space    used 10740K, capacity 11604K, committed 11648K, reserved 1048576K
}
Event: 63.295 GC heap before
{Heap before GC invocations=48 (full 1):
 garbage-first heap   total 262144K, used 183259K [0x0000000740000000, 0x0000000800000000)
  region size 1024K, 12 young (12288K), 5 survivors (5120K)
 Metaspace       used 83317K, capacity 85321K, committed 85376K, reserved 1122304K
  class space    used 10754K, capacity 11636K, committed 11648K, reserved 1048576K
}
Event: 63.299 GC heap after
{Heap after GC invocations=49 (full 1):
 garbage-first heap   total 262144K, used 177492K [0x0000000740000000, 0x0000000800000000)
  region size 1024K, 4 young (4096K), 4 survivors (4096K)
 Metaspace       used 83317K, capacity 85321K, committed 85376K, reserved 1122304K
  class space    used 10754K, capacity 11636K, committed 11648K, reserved 1048576K
}
Event: 66.628 GC heap before
{Heap before GC invocations=50 (full 1):
 garbage-first heap   total 262144K, used 206164K [0x0000000740000000, 0x0000000800000000)
  region size 1024K, 18 young (18432K), 4 survivors (4096K)
 Metaspace       used 83456K, capacity 85450K, committed 85632K, reserved 1124352K
  class space    used 10772K, capacity 11636K, committed 11648K, reserved 1048576K
}
Event: 66.668 GC heap after
{Heap after GC invocations=51 (full 2):
 garbage-first heap   total 312320K, used 181522K [0x0000000740000000, 0x0000000800000000)
  region size 1024K, 0 young (0K), 0 survivors (0K)
 Metaspace       used 83456K, capacity 85450K, committed 85632K, reserved 1124352K
  class space    used 10772K, capacity 11636K, committed 11648K, reserved 1048576K
}
Event: 208.332 GC heap before
{Heap before GC invocations=51 (full 2):
 garbage-first heap   total 312320K, used 242962K [0x0000000740000000, 0x0000000800000000)
  region size 1024K, 60 young (61440K), 0 survivors (0K)
 Metaspace       used 83644K, capacity 85642K, committed 85888K, reserved 1124352K
  class space    used 10772K, capacity 11636K, committed 11648K, reserved 1048576K
}
Event: 208.402 GC heap after
{Heap after GC invocations=52 (full 2):
 garbage-first heap   total 312320K, used 182546K [0x0000000740000000, 0x0000000800000000)
  region size 1024K, 1 young (1024K), 1 survivors (1024K)
 Metaspace       used 83644K, capacity 85642K, committed 85888K, reserved 1124352K
  class space    used 10772K, capacity 11636K, committed 11648K, reserved 1048576K
}
Event: 353.913 GC heap before
{Heap before GC invocations=53 (full 2):
 garbage-first heap   total 312320K, used 242962K [0x0000000740000000, 0x0000000800000000)
  region size 1024K, 60 young (61440K), 1 survivors (1024K)
 Metaspace       used 83712K, capacity 85706K, committed 85888K, reserved 1124352K
  class space    used 10772K, capacity 11636K, committed 11648K, reserved 1048576K
}
Event: 353.940 GC heap after
{Heap after GC invocations=54 (full 2):
 garbage-first heap   total 312320K, used 182484K [0x0000000740000000, 0x0000000800000000)
  region size 1024K, 1 young (1024K), 1 survivors (1024K)
 Metaspace       used 83712K, capacity 85706K, committed 85888K, reserved 1124352K
  class space    used 10772K, capacity 11636K, committed 11648K, reserved 1048576K
}
Event: 500.658 GC heap before
{Heap before GC invocations=54 (full 2):
 garbage-first heap   total 312320K, used 242900K [0x0000000740000000, 0x0000000800000000)
  region size 1024K, 60 young (61440K), 1 survivors (1024K)
 Metaspace       used 83725K, capacity 85706K, committed 85888K, reserved 1124352K
  class space    used 10772K, capacity 11636K, committed 11648K, reserved 1048576K
}
Event: 500.709 GC heap after
{Heap after GC invocations=55 (full 2):
 garbage-first heap   total 312320K, used 182531K [0x0000000740000000, 0x0000000800000000)
  region size 1024K, 1 young (1024K), 1 survivors (1024K)
 Metaspace       used 83725K, capacity 85706K, committed 85888K, reserved 1124352K
  class space    used 10772K, capacity 11636K, committed 11648K, reserved 1048576K
}
Event: 645.223 GC heap before
{Heap before GC invocations=56 (full 2):
 garbage-first heap   total 312320K, used 242947K [0x0000000740000000, 0x0000000800000000)
  region size 1024K, 60 young (61440K), 1 survivors (1024K)
 Metaspace       used 83755K, capacity 85706K, committed 85888K, reserved 1124352K
  class space    used 10772K, capacity 11636K, committed 11648K, reserved 1048576K
}
Event: 645.231 GC heap after
{Heap after GC invocations=57 (full 2):
 garbage-first heap   total 312320K, used 182557K [0x0000000740000000, 0x0000000800000000)
  region size 1024K, 2 young (2048K), 2 survivors (2048K)
 Metaspace       used 83755K, capacity 85706K, committed 85888K, reserved 1124352K
  class space    used 10772K, capacity 11636K, committed 11648K, reserved 1048576K
}

