# JRE version: OpenJDK Runtime Environment 18.9 (11.0.11+9) (build 11.0.11+9)
# Java VM: OpenJDK 64-Bit Server VM 18.9 (11.0.11+9, mixed mode, tiered, compressed oops, g1 gc, windows-amd64)
Heap:
 garbage-first heap   total 411648K, used 253545K [0x0000000740000000, 0x0000000800000000)
  region size 1024K, 50 young (51200K), 1 survivors (1024K)
 Metaspace       used 97504K, capacity 98698K, committed 102148K, reserved 1138688K
  class space    used 11907K, capacity 12372K, committed 13676K, reserved 1048576K
GC Heap History (20 events):
Event: 35551.807 GC heap before
{Heap before GC invocations=2234 (full 34):
 garbage-first heap   total 411648K, used 280528K [0x0000000740000000, 0x0000000800000000)
  region size 1024K, 60 young (61440K), 1 survivors (1024K)
 Metaspace       used 97450K, capacity 98567K, committed 102148K, reserved 1138688K
  class space    used 11894K, capacity 12350K, committed 13676K, reserved 1048576K
}
Event: 35551.812 GC heap after
{Heap after GC invocations=2235 (full 34):
 garbage-first heap   total 411648K, used 220135K [0x0000000740000000, 0x0000000800000000)
  region size 1024K, 1 young (1024K), 1 survivors (1024K)
 Metaspace       used 97450K, capacity 98567K, committed 102148K, reserved 1138688K
  class space    used 11894K, capacity 12350K, committed 13676K, reserved 1048576K
}
Event: 35579.265 GC heap before
{Heap before GC invocations=2235 (full 34):
 garbage-first heap   total 411648K, used 259047K [0x0000000740000000, 0x0000000800000000)
  region size 1024K, 40 young (40960K), 1 survivors (1024K)
 Metaspace       used 97450K, capacity 98567K, committed 102148K, reserved 1138688K
  class space    used 11894K, capacity 12350K, committed 13676K, reserved 1048576K
}
Event: 35579.602 GC heap after
{Heap after GC invocations=2236 (full 35):
 garbage-first heap   total 411648K, used 203911K [0x0000000740000000, 0x0000000800000000)
  region size 1024K, 0 young (0K), 0 survivors (0K)
 Metaspace       used 97450K, capacity 98567K, committed 102148K, reserved 1138688K
  class space    used 11894K, capacity 12350K, committed 13676K, reserved 1048576K
}
Event: 35625.015 GC heap before
{Heap before GC invocations=2236 (full 35):
 garbage-first heap   total 411648K, used 265351K [0x0000000740000000, 0x0000000800000000)
  region size 1024K, 60 young (61440K), 0 survivors (0K)
 Metaspace       used 97450K, capacity 98567K, committed 102148K, reserved 1138688K
  class space    used 11894K, capacity 12350K, committed 13676K, reserved 1048576K
}
Event: 35625.018 GC heap after
{Heap after GC invocations=2237 (full 35):
 garbage-first heap   total 411648K, used 204301K [0x0000000740000000, 0x0000000800000000)
  region size 1024K, 1 young (1024K), 1 survivors (1024K)
 Metaspace       used 97450K, capacity 98567K, committed 102148K, reserved 1138688K
  class space    used 11894K, capacity 12350K, committed 13676K, reserved 1048576K
}
Event: 35669.358 GC heap before
{Heap before GC invocations=2237 (full 35):
 garbage-first heap   total 411648K, used 264717K [0x0000000740000000, 0x0000000800000000)
  region size 1024K, 60 young (61440K), 1 survivors (1024K)
 Metaspace       used 97450K, capacity 98567K, committed 102148K, reserved 1138688K
  class space    used 11894K, capacity 12350K, committed 13676K, reserved 1048576K
}
Event: 35669.360 GC heap after
{Heap after GC invocations=2238 (full 35):
 garbage-first heap   total 411648K, used 204298K [0x0000000740000000, 0x0000000800000000)
  region size 1024K, 1 young (1024K), 1 survivors (1024K)
 Metaspace       used 97450K, capacity 98567K, committed 102148K, reserved 1138688K
  class space    used 11894K, capacity 12350K, committed 13676K, reserved 1048576K
}
Event: 35713.974 GC heap before
{Heap before GC invocations=2238 (full 35):
 garbage-first heap   total 411648K, used 264714K [0x0000000740000000, 0x0000000800000000)
  region size 1024K, 60 young (61440K), 1 survivors (1024K)
 Metaspace       used 97450K, capacity 98567K, committed 102148K, reserved 1138688K
  class space    used 11894K, capacity 12350K, committed 13676K, reserved 1048576K
}
Event: 35713.976 GC heap after
{Heap after GC invocations=2239 (full 35):
 garbage-first heap   total 411648K, used 204318K [0x0000000740000000, 0x0000000800000000)
  region size 1024K, 1 young (1024K), 1 survivors (1024K)
 Metaspace       used 97450K, capacity 98567K, committed 102148K, reserved 1138688K
  class space    used 11894K, capacity 12350K, committed 13676K, reserved 1048576K
}
Event: 35758.013 GC heap before
{Heap before GC invocations=2239 (full 35):
 garbage-first heap   total 411648K, used 264734K [0x0000000740000000, 0x0000000800000000)
  region size 1024K, 60 young (61440K), 1 survivors (1024K)
 Metaspace       used 97450K, capacity 98567K, committed 102148K, reserved 1138688K
  class space    used 11894K, capacity 12350K, committed 13676K, reserved 1048576K
}
Event: 35758.015 GC heap after
{Heap after GC invocations=2240 (full 35):
 garbage-first heap   total 411648K, used 204322K [0x0000000740000000, 0x0000000800000000)
  region size 1024K, 1 young (1024K), 1 survivors (1024K)
 Metaspace       used 97450K, capacity 98567K, committed 102148K, reserved 1138688K
  class space    used 11894K, capacity 12350K, committed 13676K, reserved 1048576K
}
Event: 35802.095 GC heap before
{Heap before GC invocations=2240 (full 35):
 garbage-first heap   total 411648K, used 264738K [0x0000000740000000, 0x0000000800000000)
  region size 1024K, 60 young (61440K), 1 survivors (1024K)
 Metaspace       used 97450K, capacity 98567K, committed 102148K, reserved 1138688K
  class space    used 11894K, capacity 12350K, committed 13676K, reserved 1048576K
}
Event: 35802.098 GC heap after
{Heap after GC invocations=2241 (full 35):
 garbage-first heap   total 411648K, used 204344K [0x0000000740000000, 0x0000000800000000)
  region size 1024K, 1 young (1024K), 1 survivors (1024K)
 Metaspace       used 97450K, capacity 98567K, committed 102148K, reserved 1138688K
  class space    used 11894K, capacity 12350K, committed 13676K, reserved 1048576K
}
Event: 35846.088 GC heap before
{Heap before GC invocations=2241 (full 35):
 garbage-first heap   total 411648K, used 264760K [0x0000000740000000, 0x0000000800000000)
  region size 1024K, 60 young (61440K), 1 survivors (1024K)
 Metaspace       used 97450K, capacity 98567K, committed 102148K, reserved 1138688K
  class space    used 11894K, capacity 12350K, committed 13676K, reserved 1048576K
}
Event: 35846.093 GC heap after
{Heap after GC invocations=2242 (full 35):
 garbage-first heap   total 411648K, used 204351K [0x0000000740000000, 0x0000000800000000)
  region size 1024K, 1 young (1024K), 1 survivors (1024K)
 Metaspace       used 97450K, capacity 98567K, committed 102148K, reserved 1138688K
  class space    used 11894K, capacity 12350K, committed 13676K, reserved 1048576K
}
Event: 35890.136 GC heap before
{Heap before GC invocations=2242 (full 35):
 garbage-first heap   total 411648K, used 264767K [0x0000000740000000, 0x0000000800000000)
  region size 1024K, 60 young (61440K), 1 survivors (1024K)
 Metaspace       used 97450K, capacity 98567K, committed 102148K, reserved 1138688K
  class space    used 11894K, capacity 12350K, committed 13676K, reserved 1048576K
}
Event: 35890.139 GC heap after
{Heap after GC invocations=2243 (full 35):
 garbage-first heap   total 411648K, used 204378K [0x0000000740000000, 0x0000000800000000)
  region size 1024K, 1 young (1024K), 1 survivors (1024K)
 Metaspace       used 97450K, capacity 98567K, committed 102148K, reserved 1138688K
  class space    used 11894K, capacity 12350K, committed 13676K, reserved 1048576K
}
Event: 35938.543 GC heap before
{Heap before GC invocations=2243 (full 35):
 garbage-first heap   total 411648K, used 264794K [0x0000000740000000, 0x0000000800000000)
  region size 1024K, 60 young (61440K), 1 survivors (1024K)
 Metaspace       used 97454K, capacity 98567K, committed 102148K, reserved 1138688K
  class space    used 11895K, capacity 12350K, committed 13676K, reserved 1048576K
}
Event: 35938.548 GC heap after
{Heap after GC invocations=2244 (full 35):
 garbage-first heap   total 411648K, used 204393K [0x0000000740000000, 0x0000000800000000)
  region size 1024K, 1 young (1024K), 1 survivors (1024K)
 Metaspace       used 97454K, capacity 98567K, committed 102148K, reserved 1138688K
  class space    used 11895K, capacity 12350K, committed 13676K, reserved 1048576K
}

