# JRE version: OpenJDK Runtime Environment 18.9 (11.0.11+9) (build 11.0.11+9)
# Java VM: OpenJDK 64-Bit Server VM 18.9 (11.0.11+9, mixed mode, tiered, compressed oops, g1 gc, windows-amd64)
Heap:
 garbage-first heap   total 351232K, used 195348K [0x0000000740000000, 0x0000000800000000)
  region size 1024K, 19 young (19456K), 5 survivors (5120K)
 Metaspace       used 82420K, capacity 84443K, committed 84768K, reserved 1122304K
  class space    used 10632K, capacity 11534K, committed 11648K, reserved 1048576K
GC Heap History (20 events):
Event: 538.049 GC heap before
{Heap before GC invocations=59 (full 1):
 garbage-first heap   total 351232K, used 229619K [0x0000000740000000, 0x0000000800000000)
  region size 1024K, 60 young (61440K), 3 survivors (3072K)
 Metaspace       used 78878K, capacity 80566K, committed 80800K, reserved 1120256K
  class space    used 10146K, capacity 10919K, committed 11008K, reserved 1048576K
}
Event: 538.052 GC heap after
{Heap after GC invocations=60 (full 1):
 garbage-first heap   total 351232K, used 172580K [0x0000000740000000, 0x0000000800000000)
  region size 1024K, 3 young (3072K), 3 survivors (3072K)
 Metaspace       used 78878K, capacity 80566K, committed 80800K, reserved 1120256K
  class space    used 10146K, capacity 10919K, committed 11008K, reserved 1048576K
}
Event: 577.472 GC heap before
{Heap before GC invocations=60 (full 1):
 garbage-first heap   total 351232K, used 230948K [0x0000000740000000, 0x0000000800000000)
  region size 1024K, 60 young (61440K), 3 survivors (3072K)
 Metaspace       used 79219K, capacity 80953K, committed 81056K, reserved 1120256K
  class space    used 10152K, capacity 10920K, committed 11008K, reserved 1048576K
}
Event: 577.811 GC heap after
{Heap after GC invocations=61 (full 1):
 garbage-first heap   total 351232K, used 172888K [0x0000000740000000, 0x0000000800000000)
  region size 1024K, 3 young (3072K), 3 survivors (3072K)
 Metaspace       used 79219K, capacity 80953K, committed 81056K, reserved 1120256K
  class space    used 10152K, capacity 10920K, committed 11008K, reserved 1048576K
}
Event: 585.796 GC heap before
{Heap before GC invocations=62 (full 1):
 garbage-first heap   total 351232K, used 205656K [0x0000000740000000, 0x0000000800000000)
  region size 1024K, 37 young (37888K), 3 survivors (3072K)
 Metaspace       used 79320K, capacity 81081K, committed 81312K, reserved 1120256K
  class space    used 10152K, capacity 10920K, committed 11008K, reserved 1048576K
}
Event: 585.799 GC heap after
{Heap after GC invocations=63 (full 1):
 garbage-first heap   total 351232K, used 173276K [0x0000000740000000, 0x0000000800000000)
  region size 1024K, 3 young (3072K), 3 survivors (3072K)
 Metaspace       used 79320K, capacity 81081K, committed 81312K, reserved 1120256K
  class space    used 10152K, capacity 10920K, committed 11008K, reserved 1048576K
}
Event: 589.344 GC heap before
{Heap before GC invocations=64 (full 1):
 garbage-first heap   total 351232K, used 247004K [0x0000000740000000, 0x0000000800000000)
  region size 1024K, 60 young (61440K), 3 survivors (3072K)
 Metaspace       used 79572K, capacity 81273K, committed 81568K, reserved 1120256K
  class space    used 10154K, capacity 10920K, committed 11008K, reserved 1048576K
}
Event: 589.347 GC heap after
{Heap after GC invocations=65 (full 1):
 garbage-first heap   total 351232K, used 188442K [0x0000000740000000, 0x0000000800000000)
  region size 1024K, 3 young (3072K), 3 survivors (3072K)
 Metaspace       used 79572K, capacity 81273K, committed 81568K, reserved 1120256K
  class space    used 10154K, capacity 10920K, committed 11008K, reserved 1048576K
}
Event: 590.642 GC heap before
{Heap before GC invocations=65 (full 1):
 garbage-first heap   total 351232K, used 226330K [0x0000000740000000, 0x0000000800000000)
  region size 1024K, 41 young (41984K), 3 survivors (3072K)
 Metaspace       used 81635K, capacity 83492K, committed 83744K, reserved 1122304K
  class space    used 10510K, capacity 11343K, committed 11392K, reserved 1048576K
}
Event: 590.646 GC heap after
{Heap after GC invocations=66 (full 1):
 garbage-first heap   total 351232K, used 190667K [0x0000000740000000, 0x0000000800000000)
  region size 1024K, 5 young (5120K), 5 survivors (5120K)
 Metaspace       used 81635K, capacity 83492K, committed 83744K, reserved 1122304K
  class space    used 10510K, capacity 11343K, committed 11392K, reserved 1048576K
}
Event: 610.200 GC heap before
{Heap before GC invocations=67 (full 1):
 garbage-first heap   total 351232K, used 238795K [0x0000000740000000, 0x0000000800000000)
  region size 1024K, 60 young (61440K), 5 survivors (5120K)
 Metaspace       used 82133K, capacity 84136K, committed 84384K, reserved 1122304K
  class space    used 10609K, capacity 11498K, committed 11520K, reserved 1048576K
}
Event: 610.205 GC heap after
{Heap after GC invocations=68 (full 1):
 garbage-first heap   total 351232K, used 181209K [0x0000000740000000, 0x0000000800000000)
  region size 1024K, 5 young (5120K), 5 survivors (5120K)
 Metaspace       used 82133K, capacity 84136K, committed 84384K, reserved 1122304K
  class space    used 10609K, capacity 11498K, committed 11520K, reserved 1048576K
}
Event: 626.055 GC heap before
{Heap before GC invocations=68 (full 1):
 garbage-first heap   total 351232K, used 236505K [0x0000000740000000, 0x0000000800000000)
  region size 1024K, 60 young (61440K), 5 survivors (5120K)
 Metaspace       used 82210K, capacity 84200K, committed 84384K, reserved 1122304K
  class space    used 10609K, capacity 11498K, committed 11520K, reserved 1048576K
}
Event: 626.059 GC heap after
{Heap after GC invocations=69 (full 1):
 garbage-first heap   total 351232K, used 181266K [0x0000000740000000, 0x0000000800000000)
  region size 1024K, 5 young (5120K), 5 survivors (5120K)
 Metaspace       used 82210K, capacity 84200K, committed 84384K, reserved 1122304K
  class space    used 10609K, capacity 11498K, committed 11520K, reserved 1048576K
}
Event: 634.040 GC heap before
{Heap before GC invocations=70 (full 1):
 garbage-first heap   total 351232K, used 237586K [0x0000000740000000, 0x0000000800000000)
  region size 1024K, 60 young (61440K), 5 survivors (5120K)
 Metaspace       used 82284K, capacity 84250K, committed 84384K, reserved 1122304K
  class space    used 10617K, capacity 11514K, committed 11520K, reserved 1048576K
}
Event: 634.043 GC heap after
{Heap after GC invocations=71 (full 1):
 garbage-first heap   total 351232K, used 181377K [0x0000000740000000, 0x0000000800000000)
  region size 1024K, 5 young (5120K), 5 survivors (5120K)
 Metaspace       used 82284K, capacity 84250K, committed 84384K, reserved 1122304K
  class space    used 10617K, capacity 11514K, committed 11520K, reserved 1048576K
}
Event: 634.321 GC heap before
{Heap before GC invocations=71 (full 1):
 garbage-first heap   total 351232K, used 208001K [0x0000000740000000, 0x0000000800000000)
  region size 1024K, 32 young (32768K), 5 survivors (5120K)
 Metaspace       used 82303K, capacity 84251K, committed 84384K, reserved 1122304K
  class space    used 10617K, capacity 11514K, committed 11520K, reserved 1048576K
}
Event: 634.327 GC heap after
{Heap after GC invocations=72 (full 1):
 garbage-first heap   total 351232K, used 181779K [0x0000000740000000, 0x0000000800000000)
  region size 1024K, 5 young (5120K), 5 survivors (5120K)
 Metaspace       used 82303K, capacity 84251K, committed 84384K, reserved 1122304K
  class space    used 10617K, capacity 11514K, committed 11520K, reserved 1048576K
}
Event: 684.614 GC heap before
{Heap before GC invocations=73 (full 1):
 garbage-first heap   total 351232K, used 239123K [0x0000000740000000, 0x0000000800000000)
  region size 1024K, 60 young (61440K), 5 survivors (5120K)
 Metaspace       used 82413K, capacity 84443K, committed 84768K, reserved 1122304K
  class space    used 10632K, capacity 11534K, committed 11648K, reserved 1048576K
}
Event: 684.617 GC heap after
{Heap after GC invocations=74 (full 1):
 garbage-first heap   total 351232K, used 182036K [0x0000000740000000, 0x0000000800000000)
  region size 1024K, 5 young (5120K), 5 survivors (5120K)
 Metaspace       used 82413K, capacity 84443K, committed 84768K, reserved 1122304K
  class space    used 10632K, capacity 11534K, committed 11648K, reserved 1048576K
}

